<?xml version="1.0" encoding="utf-8"?>
<TestRun id="93a27739-c104-4bb5-a33a-5a9cd568a708" name="liangzhihao1@LIANGZHIHAO1 2026-06-24 14:39:26" runUser="RD\liangzhihao1" xmlns="http://microsoft.com/schemas/VisualStudio/TeamTest/2010">
  <Times creation="2026-06-24T14:39:26.4473337+08:00" queuing="2026-06-24T14:39:26.4473344+08:00" start="2026-06-24T14:39:16.8536001+08:00" finish="2026-06-24T14:39:28.1085939+08:00" />
  <TestSettings name="default" id="9f85a2d5-518a-4544-8195-23970269068e">
    <Deployment runDeploymentRoot="liangzhihao1_LIANGZHIHAO1_2026-06-24_14_39_26" />
  </TestSettings>
  <Results>
    <UnitTestResult executionId="fa3d9cc2-1c50-4199-aa68-b25fe31d0fd8" testId="0fe9a6a1-b28b-a5fe-9a70-762c17f37222" testName="AbilityKit.Demo.Moba.Tests.Smoke.ConsoleMobaSmokeFlowTests.Console_entry_skill_cast_scenario_validates_effect_trigger_context_trace_entry_path" computerName="LIANGZHIHAO1" duration="00:00:00.8503040" startTime="2026-06-24T14:39:27.2144949+08:00" endTime="2026-06-24T14:39:27.2144952+08:00" testType="13cdc9d9-ddb5-4fa4-a97d-d965ccfc6d4b" outcome="Passed" testListId="8c84fa94-04c1-424b-9868-57a2d4851a1d" relativeResultsDirectory="fa3d9cc2-1c50-4199-aa68-b25fe31d0fd8" />
    <UnitTestResult executionId="893bd44c-bc44-4df6-b799-1a862521f75d" testId="fdaebbf5-6978-c59c-c11d-55d4bd1925c4" testName="AbilityKit.Demo.Moba.Tests.Smoke.ConsoleMobaSmokeFlowTests.Console_entry_aligns_view_timeline_through_smoke_tick_path" computerName="LIANGZHIHAO1" duration="00:00:03.7409237" startTime="2026-06-24T14:39:26.3725545+08:00" endTime="2026-06-24T14:39:26.3726071+08:00" testType="13cdc9d9-ddb5-4fa4-a97d-d965ccfc6d4b" outcome="Passed" testListId="8c84fa94-04c1-424b-9868-57a2d4851a1d" relativeResultsDirectory="893bd44c-bc44-4df6-b799-1a862521f75d" />
    <UnitTestResult executionId="9f28e1d2-3bde-4c1f-adef-b3387ac1df55" testId="cb2f4d6d-cd69-996b-52f8-ac5dd3a34dff" testName="AbilityKit.Demo.Moba.Tests.Smoke.ConsoleMobaSmokeFlowTests.Console_view_timeline_alignment_decision_is_testable_without_runtime" computerName="LIANGZHIHAO1" duration="00:00:00.0079586" startTime="2026-06-24T14:39:27.2226209+08:00" endTime="2026-06-24T14:39:27.2226222+08:00" testType="13cdc9d9-ddb5-4fa4-a97d-d965ccfc6d4b" outcome="Passed" testListId="8c84fa94-04c1-424b-9868-57a2d4851a1d" relativeResultsDirectory="9f28e1d2-3bde-4c1f-adef-b3387ac1df55" />
    <UnitTestResult executionId="0ea4a5ed-3063-4f9b-8f84-7e062f633481" testId="d26004e3-e84f-8be6-2544-fb900ac02ae5" testName="AbilityKit.Demo.Moba.Tests.Smoke.ConsoleMobaSmokeFlowTests.Console_entry_full_battle_scenario_runs_through_shared_smoke_environment" computerName="LIANGZHIHAO1" duration="00:00:00.4544387" startTime="2026-06-24T14:39:27.6797984+08:00" endTime="2026-06-24T14:39:27.6797998+08:00" testType="13cdc9d9-ddb5-4fa4-a97d-d965ccfc6d4b" outcome="Passed" testListId="8c84fa94-04c1-424b-9868-57a2d4851a1d" relativeResultsDirectory="0ea4a5ed-3063-4f9b-8f84-7e062f633481" />
  </Results>
  <TestDefinitions>
    <UnitTest name="AbilityKit.Demo.Moba.Tests.Smoke.ConsoleMobaSmokeFlowTests.Console_entry_aligns_view_timeline_through_smoke_tick_path" storage="c:\workspace\gitproject\abilitykit\src\abilitykit.demo.moba.tests\bin\debug\net10.0\abilitykit.demo.moba.tests.dll" id="fdaebbf5-6978-c59c-c11d-55d4bd1925c4">
      <Execution id="893bd44c-bc44-4df6-b799-1a862521f75d" />
      <TestMethod codeBase="C:\Workspace\gitProject\AbilityKit\src\AbilityKit.Demo.Moba.Tests\bin\Debug\net10.0\AbilityKit.Demo.Moba.Tests.dll" adapterTypeName="executor://xunit/VsTestRunner2/netcoreapp" className="AbilityKit.Demo.Moba.Tests.Smoke.ConsoleMobaSmokeFlowTests" name="Console_entry_aligns_view_timeline_through_smoke_tick_path" />
    </UnitTest>
    <UnitTest name="AbilityKit.Demo.Moba.Tests.Smoke.ConsoleMobaSmokeFlowTests.Console_entry_full_battle_scenario_runs_through_shared_smoke_environment" storage="c:\workspace\gitproject\abilitykit\src\abilitykit.demo.moba.tests\bin\debug\net10.0\abilitykit.demo.moba.tests.dll" id="d26004e3-e84f-8be6-2544-fb900ac02ae5">
      <Execution id="0ea4a5ed-3063-4f9b-8f84-7e062f633481" />
      <TestMethod codeBase="C:\Workspace\gitProject\AbilityKit\src\AbilityKit.Demo.Moba.Tests\bin\Debug\net10.0\AbilityKit.Demo.Moba.Tests.dll" adapterTypeName="executor://xunit/VsTestRunner2/netcoreapp" className="AbilityKit.Demo.Moba.Tests.Smoke.ConsoleMobaSmokeFlowTests" name="Console_entry_full_battle_scenario_runs_through_shared_smoke_environment" />
    </UnitTest>
    <UnitTest name="AbilityKit.Demo.Moba.Tests.Smoke.ConsoleMobaSmokeFlowTests.Console_entry_skill_cast_scenario_validates_effect_trigger_context_trace_entry_path" storage="c:\workspace\gitproject\abilitykit\src\abilitykit.demo.moba.tests\bin\debug\net10.0\abilitykit.demo.moba.tests.dll" id="0fe9a6a1-b28b-a5fe-9a70-762c17f37222">
      <Execution id="fa3d9cc2-1c50-4199-aa68-b25fe31d0fd8" />
      <TestMethod codeBase="C:\Workspace\gitProject\AbilityKit\src\AbilityKit.Demo.Moba.Tests\bin\Debug\net10.0\AbilityKit.Demo.Moba.Tests.dll" adapterTypeName="executor://xunit/VsTestRunner2/netcoreapp" className="AbilityKit.Demo.Moba.Tests.Smoke.ConsoleMobaSmokeFlowTests" name="Console_entry_skill_cast_scenario_validates_effect_trigger_context_trace_entry_path" />
    </UnitTest>
    <UnitTest name="AbilityKit.Demo.Moba.Tests.Smoke.ConsoleMobaSmokeFlowTests.Console_view_timeline_alignment_decision_is_testable_without_runtime" storage="c:\workspace\gitproject\abilitykit\src\abilitykit.demo.moba.tests\bin\debug\net10.0\abilitykit.demo.moba.tests.dll" id="cb2f4d6d-cd69-996b-52f8-ac5dd3a34dff">
      <Execution id="9f28e1d2-3bde-4c1f-adef-b3387ac1df55" />
      <TestMethod codeBase="C:\Workspace\gitProject\AbilityKit\src\AbilityKit.Demo.Moba.Tests\bin\Debug\net10.0\AbilityKit.Demo.Moba.Tests.dll" adapterTypeName="executor://xunit/VsTestRunner2/netcoreapp" className="AbilityKit.Demo.Moba.Tests.Smoke.ConsoleMobaSmokeFlowTests" name="Console_view_timeline_alignment_decision_is_testable_without_runtime" />
    </UnitTest>
  </TestDefinitions>
  <TestEntries>
    <TestEntry testId="0fe9a6a1-b28b-a5fe-9a70-762c17f37222" executionId="fa3d9cc2-1c50-4199-aa68-b25fe31d0fd8" testListId="8c84fa94-04c1-424b-9868-57a2d4851a1d" />
    <TestEntry testId="fdaebbf5-6978-c59c-c11d-55d4bd1925c4" executionId="893bd44c-bc44-4df6-b799-1a862521f75d" testListId="8c84fa94-04c1-424b-9868-57a2d4851a1d" />
    <TestEntry testId="cb2f4d6d-cd69-996b-52f8-ac5dd3a34dff" executionId="9f28e1d2-3bde-4c1f-adef-b3387ac1df55" testListId="8c84fa94-04c1-424b-9868-57a2d4851a1d" />
    <TestEntry testId="d26004e3-e84f-8be6-2544-fb900ac02ae5" executionId="0ea4a5ed-3063-4f9b-8f84-7e062f633481" testListId="8c84fa94-04c1-424b-9868-57a2d4851a1d" />
  </TestEntries>
  <TestLists>
    <TestList name="列表中未列出的结果" id="8c84fa94-04c1-424b-9868-57a2d4851a1d" />
    <TestList name="所有已加载的结果" id="19431567-8539-422a-85d7-44ee4e166bda" />
  </TestLists>
  <ResultSummary outcome="Completed">
    <Counters total="4" executed="4" passed="4" failed="0" error="0" timeout="0" aborted="0" inconclusive="0" passedButRunAborted="0" notRunnable="0" notExecuted="0" disconnected="0" warning="0" completed="0" inProgress="0" pending="0" />
    <Output>
      <StdOut>[xUnit.net 00:00:00.03] xUnit.net VSTest Adapter v2.8.2+699d445a1a (64-bit .NET 10.0.8)&#xD;
[xUnit.net 00:00:01.46]   Discovering: AbilityKit.Demo.Moba.Tests&#xD;
[xUnit.net 00:00:02.34]   Discovered:  AbilityKit.Demo.Moba.Tests&#xD;
[xUnit.net 00:00:02.36]   Starting:    AbilityKit.Demo.Moba.Tests&#xD;
[SYNC] [SyncFactory] Creating FrameSyncAdapter (Lockstep mode)&#xD;
[SYNC] [FrameSync] Initialized - Mode: Lockstep, LocalActorId: 52359&#xD;
[ERROR] [Bootstrapper] Failed to resolve TriggerPlanJsonDatabase: Cannot resolve scoped service from root container: AbilityKit.Triggering.Runtime.Plan.Json.TriggerPlanJsonDatabase&#xD;
[TriggerPlanDirectoryLoader] Failed to load trigger plan file ability/triggers/buffs/trigger_10101.json: Unsupported action parameter string value: ������ִ�У�������Ѫ10�㣡&#xD;
[TriggerPlanDirectoryLoader] Failed to load trigger plan file ability/triggers/buffs/trigger_20001.json: Unsupported action parameter string value: �ͷż��������־���11111&#xD;
[TriggerPlanDirectoryLoader] Failed to load trigger plan file ability/triggers/buffs/trigger_20002.json: Unsupported action parameter string value: ���������ͷż��������־���22222&#xD;
[TriggerPlanDirectoryLoader] Failed to load trigger plan file ability/triggers/buffs/trigger_20003.json: Unsupported action parameter token type: Array&#xD;
[TriggerPlanDirectoryLoader] Failed to load trigger plan file ability/triggers/buffs/trigger_20004.json: Unsupported action parameter string value: ������־���11111&#xD;
[TriggerPlanDirectoryLoader] Failed to load trigger plan file ability/triggers/buffs/trigger_20005.json: Unsupported action parameter string value: ��ײ�ص���־&#xD;
[TriggerPlanDirectoryLoader] Failed to load trigger plan file ability/triggers/buffs/trigger_21002.json: Unsupported action parameter string value: Explicit&#xD;
[TriggerPlanDirectoryLoader] Failed to load trigger plan file ability/triggers/buffs/trigger_buff101_add.json: Unsupported action parameter string value: Buff101 �����ӣ���ʼÿ���Ѫ��&#xD;
[TriggerPlanDirectoryLoader] Failed to load trigger plan file ability/triggers/skills/trigger_10001.json: Unsupported action parameter token type: Array&#xD;
[INPUT] [InputHandler] Starting...&#xD;
[INPUT] [InputHandler] Ready. Press H for help.&#xD;
[ENTITY] [BattleEntityFeature] ECS World created, EntityFactory and EntityQuery injected&#xD;
[VIEW] Game started with 10 players&#xD;
[VIEW] [View] Attached&#xD;
[SYNC] [Sync] Attached - SyncMode: Lockstep&#xD;
[INPUT] [Input] Attached - PlayerId: 0&#xD;
[BATTLE] Battle started!&#xD;
[SYS] Transitioning to: InMatch&#xD;
[PHASE] [PhaseHost] Exiting phase: InMatch&#xD;
[PHASE] [InMatch] Exiting to InMatch&#xD;
[SYS] [HUD] Detached&#xD;
[VIEW] [View] Detached&#xD;
[ENTITY] [BattleEntityFeature] ECS World destroyed&#xD;
[PHASE] [PhaseHost] Entering phase: InMatch&#xD;
[PHASE] [InMatch] Entered InMatch phase&#xD;
[ENTITY] [BattleEntityFeature] ECS World created, EntityFactory and EntityQuery injected&#xD;
[VIEW] Game started with 10 players&#xD;
[VIEW] [View] Attached&#xD;
[SYNC] [Sync] Attached - SyncMode: Lockstep&#xD;
[INPUT] [Input] Attached - PlayerId: 0&#xD;
[SYS] [HUD] Attached&#xD;
[DEBUG] Phase entered: InMatch&#xD;
[BATTLE] Battle started!&#xD;
[SYS] ECS World Status:&#xD;
[SYS]   Alive entities: 1&#xD;
[SYS]   Phase: InMatch&#xD;
[SYS]   Frame: 8&#xD;
[SYS] [AutoTest] Auto test started&#xD;
[BATTLE] [InMatch] Spawned ���� (Team 1) at (0.0, 0.0) as NetId=52359&#xD;
[BATTLE] [InMatch] Spawned С�� (Team 1) at (10.0, 0.0) as NetId=40253&#xD;
[BATTLE] [InMatch] Spawned ���� (Team 1) at (-10.0, 0.0) as NetId=44459&#xD;
[BATTLE] [InMatch] Spawned ���� (Team 2) at (0.0, 50.0) as NetId=65140&#xD;
[BATTLE] [InMatch] Spawned С�� (Team 2) at (10.0, 50.0) as NetId=45006&#xD;
[BATTLE] [InMatch] Spawned ���� (Team 2) at (-10.0, 50.0) as NetId=40792&#xD;
[PHASE] [InMatch] Step 1/4: Spawned 6 actors&#xD;
[INPUT] [Input] Move: dx=1.00, dz=0.00&#xD;
[PHASE] [InMatch] Step 2/4: LocalPlayer registered: ActorId=52359&#xD;
[INPUT] [Input] Move: dx=1.00, dz=0.00&#xD;
[PHASE] [InMatch] Step 3/4: Battle state initialized&#xD;
[INPUT] [Input] Move: dx=1.00, dz=0.00&#xD;
[SYS] ============================================================&#xD;
[SYS] |                     BATTLE STARTED                     |&#xD;
[SYS] ============================================================&#xD;
[PHASE] [InMatch] Step 4/4: Total actors: 6&#xD;
[INPUT] [Input] Move: dx=1.00, dz=0.00&#xD;
[PHASE] [InMatch] All init steps completed&#xD;
[INPUT] [Input] Move: dx=1.00, dz=0.00&#xD;
[INPUT] [Input] Move: dx=1.00, dz=0.00&#xD;
[INPUT] [Input] Move: dx=1.00, dz=0.00&#xD;
[INPUT] [Input] Move: dx=1.00, dz=0.00&#xD;
[INPUT] [Input] Move: dx=1.00, dz=0.00&#xD;
[INPUT] [Input] Move: dx=1.00, dz=0.00&#xD;
[INPUT] [Input] Move: dx=1.00, dz=0.00&#xD;
[INPUT] [Input] Move: dx=1.00, dz=0.00&#xD;
[INPUT] [Input] Move: dx=1.00, dz=0.00&#xD;
[INPUT] [Input] Move: dx=1.00, dz=0.00&#xD;
[INPUT] [Input] Move: dx=1.00, dz=0.00&#xD;
[INPUT] [Input] Move: dx=1.00, dz=0.00&#xD;
[INPUT] [Input] Skill1 pressed&#xD;
[INPUT] [Input] Move: dx=1.00, dz=0.00&#xD;
[INPUT] [Input] Move: dx=1.00, dz=0.00&#xD;
[INPUT] [Input] Move: dx=1.00, dz=0.00&#xD;
[INPUT] [Input] Move: dx=1.00, dz=0.00&#xD;
[INPUT] [Input] Move: dx=1.00, dz=0.00&#xD;
[INPUT] [Input] Move: dx=1.00, dz=0.00&#xD;
[INPUT] [Input] Move: dx=1.00, dz=0.00&#xD;
[INPUT] [Input] Move: dx=1.00, dz=0.00&#xD;
[INPUT] [Input] Move: dx=1.00, dz=0.00&#xD;
[INPUT] [Input] Move: dx=1.00, dz=0.00&#xD;
[INPUT] [Input] Move: dx=1.00, dz=0.00&#xD;
[INPUT] [Input] Move: dx=1.00, dz=0.00&#xD;
[INPUT] [Input] Move: dx=1.00, dz=0.00&#xD;
[INPUT] [Input] Move: dx=1.00, dz=0.00&#xD;
[INPUT] [Input] Move: dx=1.00, dz=0.00&#xD;
[INPUT] [Input] Move: dx=1.00, dz=0.00&#xD;
[INPUT] [Input] Move: dx=1.00, dz=0.00&#xD;
[INPUT] [Input] Move: dx=1.00, dz=0.00&#xD;
[INPUT] [Input] Move: dx=1.00, dz=0.00&#xD;
[INPUT] [Input] Move: dx=1.00, dz=0.00&#xD;
[INPUT] [Input] Move: dx=1.00, dz=0.00&#xD;
[INPUT] [Input] Move: dx=1.00, dz=0.00&#xD;
[INPUT] [Input] Move: dx=1.00, dz=0.00&#xD;
[INPUT] [Input] Move: dx=1.00, dz=0.00&#xD;
[INPUT] [Input] Move: dx=1.00, dz=0.00&#xD;
[INPUT] [Input] Move: dx=1.00, dz=0.00&#xD;
[INPUT] [Input] Move: dx=1.00, dz=0.00&#xD;
[INPUT] [Input] Move: dx=1.00, dz=0.00&#xD;
[INPUT] [Input] Move: dx=1.00, dz=0.00&#xD;
[INPUT] [Input] Move: dx=1.00, dz=0.00&#xD;
[INPUT] [Input] Move: dx=0.00, dz=1.00&#xD;
[INPUT] [Input] Move: dx=0.00, dz=1.00&#xD;
[INPUT] [Input] Move: dx=0.00, dz=1.00&#xD;
[INPUT] [Input] Move: dx=0.00, dz=1.00&#xD;
[INPUT] [Input] Move: dx=0.00, dz=1.00&#xD;
[INPUT] [Input] Move: dx=0.00, dz=1.00&#xD;
[INPUT] [Input] Move: dx=0.00, dz=1.00&#xD;
[INPUT] [Input] Move: dx=0.00, dz=1.00&#xD;
[INPUT] [Input] Move: dx=0.00, dz=1.00&#xD;
[INPUT] [Input] Move: dx=0.00, dz=1.00&#xD;
[INPUT] [Input] Move: dx=0.00, dz=1.00&#xD;
[INPUT] [Input] Move: dx=0.00, dz=1.00&#xD;
[INPUT] [Input] Move: dx=0.00, dz=1.00&#xD;
[INPUT] [Input] Move: dx=0.00, dz=1.00&#xD;
[INPUT] [Input] Move: dx=0.00, dz=1.00&#xD;
[INPUT] [Input] Move: dx=0.00, dz=1.00&#xD;
[INPUT] [Input] Skill2 pressed&#xD;
[INPUT] [Input] Move: dx=0.00, dz=1.00&#xD;
[INPUT] [Input] Move: dx=0.00, dz=1.00&#xD;
[INPUT] [Input] Move: dx=0.00, dz=1.00&#xD;
[INPUT] [Input] Move: dx=0.00, dz=1.00&#xD;
[INPUT] [Input] Move: dx=0.00, dz=1.00&#xD;
[INPUT] [Input] Move: dx=0.00, dz=1.00&#xD;
[INPUT] [Input] Move: dx=0.00, dz=1.00&#xD;
[INPUT] [Input] Move: dx=0.00, dz=1.00&#xD;
[INPUT] [Input] Move: dx=0.00, dz=1.00&#xD;
[INPUT] [Input] Move: dx=0.00, dz=1.00&#xD;
[INPUT] [Input] Move: dx=0.00, dz=1.00&#xD;
[INPUT] [Input] Move: dx=0.00, dz=1.00&#xD;
[INPUT] [Input] Move: dx=0.00, dz=1.00&#xD;
[INPUT] [Input] Move: dx=0.00, dz=1.00&#xD;
[INPUT] [Input] Move: dx=0.00, dz=1.00&#xD;
[INPUT] [Input] Move: dx=0.00, dz=1.00&#xD;
[INPUT] [Input] Move: dx=0.00, dz=1.00&#xD;
[INPUT] [Input] Move: dx=0.00, dz=1.00&#xD;
[INPUT] [Input] Move: dx=0.00, dz=1.00&#xD;
[INPUT] [Input] Move: dx=0.00, dz=1.00&#xD;
[INPUT] [Input] Move: dx=0.00, dz=1.00&#xD;
[INPUT] [Input] Move: dx=0.00, dz=1.00&#xD;
[INPUT] [Input] Move: dx=0.00, dz=1.00&#xD;
[INPUT] [Input] Move: dx=0.00, dz=1.00&#xD;
[INPUT] [Input] Move: dx=0.00, dz=1.00&#xD;
[INPUT] [Input] Move: dx=0.00, dz=1.00&#xD;
[INPUT] [Input] Move: dx=0.00, dz=1.00&#xD;
[INPUT] [Input] Move: dx=0.00, dz=1.00&#xD;
[INPUT] [Input] Move: dx=0.00, dz=1.00&#xD;
[INPUT] [Input] Move: dx=0.00, dz=1.00&#xD;
[INPUT] [Input] Move: dx=1.00, dz=0.00&#xD;
[INPUT] [Input] Move: dx=1.00, dz=0.00&#xD;
[INPUT] [Input] Move: dx=1.00, dz=0.00&#xD;
[INPUT] [Input] Move: dx=1.00, dz=0.00&#xD;
[INPUT] [Input] Move: dx=1.00, dz=0.00&#xD;
[INPUT] [Input] Move: dx=1.00, dz=0.00&#xD;
[INPUT] [Input] Move: dx=1.00, dz=0.00&#xD;
[INPUT] [Input] Move: dx=1.00, dz=0.00&#xD;
[INPUT] [Input] Move: dx=1.00, dz=0.00&#xD;
[INPUT] [Input] Move: dx=1.00, dz=0.00&#xD;
[INPUT] [Input] Move: dx=1.00, dz=0.00&#xD;
[INPUT] [Input] Move: dx=1.00, dz=0.00&#xD;
[INPUT] [Input] Move: dx=1.00, dz=0.00&#xD;
[INPUT] [Input] Move: dx=1.00, dz=0.00&#xD;
[INPUT] [Input] Move: dx=1.00, dz=0.00&#xD;
[INPUT] [Input] Move: dx=1.00, dz=0.00&#xD;
[INPUT] [Input] Skill1 pressed&#xD;
[INPUT] [Input] Move: dx=1.00, dz=0.00&#xD;
[INPUT] [Input] Move: dx=1.00, dz=0.00&#xD;
[INPUT] [Input] Move: dx=1.00, dz=0.00&#xD;
[INPUT] [Input] Move: dx=1.00, dz=0.00&#xD;
[INPUT] [Input] Move: dx=1.00, dz=0.00&#xD;
[INPUT] [Input] Move: dx=1.00, dz=0.00&#xD;
[INPUT] [Input] Move: dx=1.00, dz=0.00&#xD;
[INPUT] [Input] Move: dx=1.00, dz=0.00&#xD;
[INPUT] [Input] Move: dx=1.00, dz=0.00&#xD;
[INPUT] [Input] Move: dx=1.00, dz=0.00&#xD;
[INPUT] [Input] Move: dx=1.00, dz=0.00&#xD;
[INPUT] [Input] Move: dx=1.00, dz=0.00&#xD;
[INPUT] [Input] Move: dx=1.00, dz=0.00&#xD;
[INPUT] [Input] Move: dx=1.00, dz=0.00&#xD;
[INPUT] [Input] Move: dx=1.00, dz=0.00&#xD;
[INPUT] [Input] Move: dx=1.00, dz=0.00&#xD;
[INPUT] [Input] Move: dx=1.00, dz=0.00&#xD;
[INPUT] [Input] Move: dx=1.00, dz=0.00&#xD;
[INPUT] [Input] Move: dx=1.00, dz=0.00&#xD;
[INPUT] [Input] Move: dx=1.00, dz=0.00&#xD;
[INPUT] [Input] Move: dx=1.00, dz=0.00&#xD;
[INPUT] [Input] Move: dx=1.00, dz=0.00&#xD;
[INPUT] [Input] Move: dx=1.00, dz=0.00&#xD;
[INPUT] [Input] Move: dx=1.00, dz=0.00&#xD;
[INPUT] [Input] Move: dx=1.00, dz=0.00&#xD;
[INPUT] [Input] Move: dx=1.00, dz=0.00&#xD;
[INPUT] [Input] Move: dx=1.00, dz=0.00&#xD;
[INPUT] [Input] Move: dx=1.00, dz=0.00&#xD;
[INPUT] [Input] Move: dx=1.00, dz=0.00&#xD;
[INPUT] [Input] Move: dx=1.00, dz=0.00&#xD;
[INPUT] [Input] Move: dx=0.00, dz=1.00&#xD;
[INPUT] [Input] Move: dx=0.00, dz=1.00&#xD;
[INPUT] [Input] Move: dx=0.00, dz=1.00&#xD;
[INPUT] [Input] Move: dx=0.00, dz=1.00&#xD;
[INPUT] [Input] Move: dx=0.00, dz=1.00&#xD;
[INPUT] [Input] Move: dx=0.00, dz=1.00&#xD;
[INPUT] [Input] Move: dx=0.00, dz=1.00&#xD;
[INPUT] [Input] Move: dx=0.00, dz=1.00&#xD;
[INPUT] [Input] Move: dx=0.00, dz=1.00&#xD;
[INPUT] [Input] Move: dx=0.00, dz=1.00&#xD;
[INPUT] [Input] Move: dx=0.00, dz=1.00&#xD;
[INPUT] [Input] Move: dx=0.00, dz=1.00&#xD;
[INPUT] [Input] Move: dx=0.00, dz=1.00&#xD;
[INPUT] [Input] Move: dx=0.00, dz=1.00&#xD;
[INPUT] [Input] Move: dx=0.00, dz=1.00&#xD;
[INPUT] [Input] Move: dx=0.00, dz=1.00&#xD;
[INPUT] [Input] Skill2 pressed&#xD;
[INPUT] [Input] Move: dx=0.00, dz=1.00&#xD;
[INPUT] [Input] Move: dx=0.00, dz=1.00&#xD;
[INPUT] [Input] Move: dx=0.00, dz=1.00&#xD;
[INPUT] [Input] Move: dx=0.00, dz=1.00&#xD;
[INPUT] [Input] Move: dx=0.00, dz=1.00&#xD;
[INPUT] [Input] Move: dx=0.00, dz=1.00&#xD;
[INPUT] [Input] Move: dx=0.00, dz=1.00&#xD;
[INPUT] [Input] Move: dx=0.00, dz=1.00&#xD;
[INPUT] [Input] Move: dx=0.00, dz=1.00&#xD;
[INPUT] [Input] Move: dx=0.00, dz=1.00&#xD;
[INPUT] [Input] Move: dx=0.00, dz=1.00&#xD;
[INPUT] [Input] Move: dx=0.00, dz=1.00&#xD;
[INPUT] [Input] Move: dx=0.00, dz=1.00&#xD;
[INPUT] [Input] Move: dx=0.00, dz=1.00&#xD;
[INPUT] [Input] Move: dx=0.00, dz=1.00&#xD;
[INPUT] [Input] Move: dx=0.00, dz=1.00&#xD;
[INPUT] [Input] Move: dx=0.00, dz=1.00&#xD;
[INPUT] [Input] Move: dx=0.00, dz=1.00&#xD;
[INPUT] [Input] Move: dx=0.00, dz=1.00&#xD;
[INPUT] [Input] Move: dx=0.00, dz=1.00&#xD;
[INPUT] [Input] Move: dx=0.00, dz=1.00&#xD;
[INPUT] [Input] Move: dx=0.00, dz=1.00&#xD;
[INPUT] [Input] Move: dx=0.00, dz=1.00&#xD;
[INPUT] [Input] Move: dx=0.00, dz=1.00&#xD;
[INPUT] [Input] Move: dx=0.00, dz=1.00&#xD;
[INPUT] [Input] Move: dx=0.00, dz=1.00&#xD;
[INPUT] [Input] Move: dx=0.00, dz=1.00&#xD;
[INPUT] [Input] Move: dx=0.00, dz=1.00&#xD;
[INPUT] [Input] Move: dx=0.00, dz=1.00&#xD;
[INPUT] [Input] Move: dx=0.00, dz=1.00&#xD;
[INPUT] [Input] Move: dx=1.00, dz=0.00&#xD;
[INPUT] [Input] Move: dx=1.00, dz=0.00&#xD;
[INPUT] [Input] Move: dx=1.00, dz=0.00&#xD;
[INPUT] [Input] Move: dx=1.00, dz=0.00&#xD;
[INPUT] [Input] Move: dx=1.00, dz=0.00&#xD;
[INPUT] [Input] Move: dx=1.00, dz=0.00&#xD;
[INPUT] [Input] Move: dx=1.00, dz=0.00&#xD;
[INPUT] [Input] Move: dx=1.00, dz=0.00&#xD;
[INPUT] [Input] Move: dx=1.00, dz=0.00&#xD;
[INPUT] [Input] Move: dx=1.00, dz=0.00&#xD;
[INPUT] [Input] Move: dx=1.00, dz=0.00&#xD;
[INPUT] [Input] Move: dx=1.00, dz=0.00&#xD;
[INPUT] [Input] Move: dx=1.00, dz=0.00&#xD;
[INPUT] [Input] Move: dx=1.00, dz=0.00&#xD;
[INPUT] [Input] Move: dx=1.00, dz=0.00&#xD;
[INPUT] [Input] Move: dx=1.00, dz=0.00&#xD;
[INPUT] [Input] Skill1 pressed&#xD;
[INPUT] [Input] Move: dx=1.00, dz=0.00&#xD;
[INPUT] [Input] Move: dx=1.00, dz=0.00&#xD;
[INPUT] [Input] Move: dx=1.00, dz=0.00&#xD;
[INPUT] [Input] Move: dx=1.00, dz=0.00&#xD;
[INPUT] [Input] Move: dx=1.00, dz=0.00&#xD;
[INPUT] [Input] Move: dx=1.00, dz=0.00&#xD;
[INPUT] [Input] Move: dx=1.00, dz=0.00&#xD;
[INPUT] [Input] Move: dx=1.00, dz=0.00&#xD;
[INPUT] [Input] Move: dx=1.00, dz=0.00&#xD;
[INPUT] [Input] Move: dx=1.00, dz=0.00&#xD;
[INPUT] [Input] Move: dx=1.00, dz=0.00&#xD;
[INPUT] [Input] Move: dx=1.00, dz=0.00&#xD;
[INPUT] [Input] Move: dx=1.00, dz=0.00&#xD;
[INPUT] [Input] Move: dx=1.00, dz=0.00&#xD;
[INPUT] [Input] Move: dx=1.00, dz=0.00&#xD;
[INPUT] [Input] Move: dx=1.00, dz=0.00&#xD;
[INPUT] [Input] Move: dx=1.00, dz=0.00&#xD;
[INPUT] [Input] Move: dx=1.00, dz=0.00&#xD;
[INPUT] [Input] Move: dx=1.00, dz=0.00&#xD;
[INPUT] [Input] Move: dx=1.00, dz=0.00&#xD;
[INPUT] [Input] Move: dx=1.00, dz=0.00&#xD;
[INPUT] [Input] Move: dx=1.00, dz=0.00&#xD;
[INPUT] [Input] Move: dx=1.00, dz=0.00&#xD;
[INPUT] [Input] Move: dx=1.00, dz=0.00&#xD;
[INPUT] [Input] Move: dx=1.00, dz=0.00&#xD;
[INPUT] [Input] Move: dx=1.00, dz=0.00&#xD;
[INPUT] [Input] Move: dx=1.00, dz=0.00&#xD;
[INPUT] [Input] Move: dx=1.00, dz=0.00&#xD;
[INPUT] [Input] Move: dx=1.00, dz=0.00&#xD;
[INPUT] [Input] Move: dx=1.00, dz=0.00&#xD;
[INPUT] [Input] Move: dx=0.00, dz=1.00&#xD;
[INPUT] [Input] Move: dx=0.00, dz=1.00&#xD;
[INPUT] [Input] Move: dx=0.00, dz=1.00&#xD;
[INPUT] [Input] Move: dx=0.00, dz=1.00&#xD;
[INPUT] [Input] Move: dx=0.00, dz=1.00&#xD;
[INPUT] [Input] Move: dx=0.00, dz=1.00&#xD;
[INPUT] [Input] Move: dx=0.00, dz=1.00&#xD;
[INPUT] [Input] Move: dx=0.00, dz=1.00&#xD;
[INPUT] [Input] Move: dx=0.00, dz=1.00&#xD;
[INPUT] [Input] Move: dx=0.00, dz=1.00&#xD;
[INPUT] [Input] Move: dx=0.00, dz=1.00&#xD;
[INPUT] [Input] Move: dx=0.00, dz=1.00&#xD;
[INPUT] [Input] Move: dx=0.00, dz=1.00&#xD;
[INPUT] [Input] Move: dx=0.00, dz=1.00&#xD;
[INPUT] [Input] Move: dx=0.00, dz=1.00&#xD;
[INPUT] [Input] Move: dx=0.00, dz=1.00&#xD;
[INPUT] [Input] Skill2 pressed&#xD;
[INPUT] [Input] Move: dx=0.00, dz=1.00&#xD;
[INPUT] [Input] Move: dx=0.00, dz=1.00&#xD;
[INPUT] [Input] Move: dx=0.00, dz=1.00&#xD;
[INPUT] [Input] Move: dx=0.00, dz=1.00&#xD;
[INPUT] [Input] Move: dx=0.00, dz=1.00&#xD;
[INPUT] [Input] Move: dx=0.00, dz=1.00&#xD;
[INPUT] [Input] Move: dx=0.00, dz=1.00&#xD;
[INPUT] [Input] Move: dx=0.00, dz=1.00&#xD;
[INPUT] [Input] Move: dx=0.00, dz=1.00&#xD;
[INPUT] [Input] Move: dx=0.00, dz=1.00&#xD;
[INPUT] [Input] Move: dx=0.00, dz=1.00&#xD;
[INPUT] [Input] Move: dx=0.00, dz=1.00&#xD;
[INPUT] [Input] Move: dx=0.00, dz=1.00&#xD;
[INPUT] [Input] Move: dx=0.00, dz=1.00&#xD;
[INPUT] [Input] Move: dx=0.00, dz=1.00&#xD;
[INPUT] [Input] Move: dx=0.00, dz=1.00&#xD;
[INPUT] [Input] Move: dx=0.00, dz=1.00&#xD;
[INPUT] [Input] Move: dx=0.00, dz=1.00&#xD;
[INPUT] [Input] Move: dx=0.00, dz=1.00&#xD;
[INPUT] [Input] Move: dx=0.00, dz=1.00&#xD;
[INPUT] [Input] Move: dx=0.00, dz=1.00&#xD;
[INPUT] [Input] Move: dx=0.00, dz=1.00&#xD;
[INPUT] [Input] Move: dx=0.00, dz=1.00&#xD;
[INPUT] [Input] Move: dx=0.00, dz=1.00&#xD;
[INPUT] [Input] Move: dx=0.00, dz=1.00&#xD;
[INPUT] [Input] Move: dx=0.00, dz=1.00&#xD;
[INPUT] [Input] Move: dx=0.00, dz=1.00&#xD;
[INPUT] [Input] Move: dx=0.00, dz=1.00&#xD;
[INPUT] [Input] Move: dx=0.00, dz=1.00&#xD;
[INPUT] [Input] Move: dx=0.00, dz=1.00&#xD;
[INPUT] [Input] Move: dx=0.00, dz=0.00&#xD;
[INPUT] [Input] Move: dx=-0.58, dz=-0.76&#xD;
[INPUT] [Input] Move: dx=-0.58, dz=-0.76&#xD;
[INPUT] [Input] Move: dx=-0.58, dz=-0.76&#xD;
[INPUT] [Input] Move: dx=-0.58, dz=-0.76&#xD;
[INPUT] [Input] Move: dx=-0.58, dz=-0.76&#xD;
[INPUT] [Input] Move: dx=-0.58, dz=-0.76&#xD;
[SYNC] [FrameSync] Frame: 300, State: InMatch, Actors: 7&#xD;
[INPUT] [Input] Move: dx=-0.58, dz=-0.76&#xD;
[INPUT] [Input] Move: dx=-0.58, dz=-0.76&#xD;
[INPUT] [Input] Move: dx=0.86, dz=0.68&#xD;
[INPUT] [Input] Move: dx=0.86, dz=0.68&#xD;
[INPUT] [Input] Move: dx=0.86, dz=0.68&#xD;
[INPUT] [Input] Move: dx=0.86, dz=0.68&#xD;
[INPUT] [Input] Move: dx=0.86, dz=0.68&#xD;
[SYNC] [Sync] Frame: 308, State: InMatch, Actors: 7&#xD;
[INPUT] [Input] Move: dx=0.86, dz=0.68&#xD;
[INPUT] [Input] Move: dx=0.86, dz=0.68&#xD;
[INPUT] [Input] Move: dx=0.86, dz=0.68&#xD;
[INPUT] [Input] Move: dx=0.86, dz=0.68&#xD;
[INPUT] [Input] Move: dx=0.86, dz=0.68&#xD;
[INPUT] [Input] Move: dx=0.86, dz=0.68&#xD;
[INPUT] [Input] Move: dx=0.86, dz=0.68&#xD;
[INPUT] [Input] Move: dx=0.86, dz=0.68&#xD;
[INPUT] [Input] Move: dx=0.86, dz=0.68&#xD;
[INPUT] [Input] Move: dx=0.92, dz=-0.61&#xD;
[INPUT] [Input] Move: dx=0.92, dz=-0.61&#xD;
[INPUT] [Input] Move: dx=0.92, dz=-0.61&#xD;
[INPUT] [Input] Move: dx=0.92, dz=-0.61&#xD;
[INPUT] [Input] Move: dx=0.92, dz=-0.61&#xD;
[INPUT] [Input] Move: dx=0.92, dz=-0.61&#xD;
[INPUT] [Input] Move: dx=0.92, dz=-0.61&#xD;
[INPUT] [Input] Move: dx=0.92, dz=-0.61&#xD;
[INPUT] [Input] Move: dx=-0.41, dz=-0.40&#xD;
[INPUT] [Input] Move: dx=-0.41, dz=-0.40&#xD;
[INPUT] [Input] Move: dx=-0.41, dz=-0.40&#xD;
[INPUT] [Input] Move: dx=-0.41, dz=-0.40&#xD;
[INPUT] [Input] Move: dx=-0.41, dz=-0.40&#xD;
[INPUT] [Input] Move: dx=-0.41, dz=-0.40&#xD;
[INPUT] [Input] Move: dx=-0.41, dz=-0.40&#xD;
[INPUT] [Input] Move: dx=0.51, dz=-0.90&#xD;
[INPUT] [Input] Move: dx=0.51, dz=-0.90&#xD;
[INPUT] [Input] Move: dx=0.51, dz=-0.90&#xD;
[INPUT] [Input] Move: dx=0.51, dz=-0.90&#xD;
[INPUT] [Input] Move: dx=0.51, dz=-0.90&#xD;
[INPUT] [Input] Move: dx=0.51, dz=-0.90&#xD;
[INPUT] [Input] Move: dx=0.51, dz=-0.90&#xD;
[INPUT] [Input] Move: dx=0.51, dz=-0.90&#xD;
[INPUT] [Input] Move: dx=0.51, dz=-0.90&#xD;
[INPUT] [Input] Move: dx=0.51, dz=-0.90&#xD;
[INPUT] [Input] Move: dx=0.51, dz=-0.90&#xD;
[INPUT] [Input] Move: dx=0.51, dz=-0.90&#xD;
[INPUT] [Input] Move: dx=0.51, dz=-0.90&#xD;
[INPUT] [Input] Move: dx=-0.97, dz=0.76&#xD;
[INPUT] [Input] Move: dx=-0.97, dz=0.76&#xD;
[INPUT] [Input] Move: dx=-0.97, dz=0.76&#xD;
[INPUT] [Input] Move: dx=-0.97, dz=0.76&#xD;
[INPUT] [Input] Move: dx=-0.97, dz=0.76&#xD;
[INPUT] [Input] Move: dx=-0.97, dz=0.76&#xD;
[INPUT] [Input] Move: dx=-0.97, dz=0.76&#xD;
[INPUT] [Input] Move: dx=-0.97, dz=0.76&#xD;
[INPUT] [Input] Move: dx=-0.97, dz=0.76&#xD;
[INPUT] [Input] Move: dx=-0.97, dz=0.76&#xD;
[INPUT] [Input] Move: dx=-0.97, dz=0.76&#xD;
[INPUT] [Input] Move: dx=-0.97, dz=0.76&#xD;
[INPUT] [Input] Move: dx=-0.97, dz=0.76&#xD;
[INPUT] [Input] Move: dx=-0.97, dz=0.76&#xD;
[INPUT] [Input] Move: dx=0.74, dz=-0.98&#xD;
[INPUT] [Input] Move: dx=0.74, dz=-0.98&#xD;
[INPUT] [Input] Move: dx=0.74, dz=-0.98&#xD;
[INPUT] [Input] Move: dx=0.74, dz=-0.98&#xD;
[INPUT] [Input] Move: dx=0.74, dz=-0.98&#xD;
[INPUT] [Input] Move: dx=0.74, dz=-0.98&#xD;
[INPUT] [Input] Move: dx=0.74, dz=-0.98&#xD;
[INPUT] [Input] Move: dx=0.74, dz=-0.98&#xD;
[INPUT] [Input] Move: dx=0.74, dz=-0.98&#xD;
[INPUT] [Input] Move: dx=0.73, dz=0.90&#xD;
[INPUT] [Input] Move: dx=0.73, dz=0.90&#xD;
[INPUT] [Input] Move: dx=0.73, dz=0.90&#xD;
[INPUT] [Input] Move: dx=0.73, dz=0.90&#xD;
[INPUT] [Input] Move: dx=0.73, dz=0.90&#xD;
[INPUT] [Input] Move: dx=0.73, dz=0.90&#xD;
[INPUT] [Input] Move: dx=0.47, dz=-0.08&#xD;
[INPUT] [Input] Move: dx=0.47, dz=-0.08&#xD;
[INPUT] [Input] Move: dx=0.47, dz=-0.08&#xD;
[INPUT] [Input] Move: dx=0.47, dz=-0.08&#xD;
[INPUT] [Input] Move: dx=0.47, dz=-0.08&#xD;
[INPUT] [Input] Move: dx=0.47, dz=-0.08&#xD;
[INPUT] [Input] Move: dx=0.47, dz=-0.08&#xD;
[INPUT] [Input] Move: dx=0.47, dz=-0.08&#xD;
[INPUT] [Input] Move: dx=0.47, dz=-0.08&#xD;
[INPUT] [Input] Move: dx=-0.79, dz=0.69&#xD;
[INPUT] [Input] Move: dx=-0.79, dz=0.69&#xD;
[INPUT] [Input] Move: dx=-0.79, dz=0.69&#xD;
[INPUT] [Input] Move: dx=-0.79, dz=0.69&#xD;
[INPUT] [Input] Move: dx=-0.79, dz=0.69&#xD;
[INPUT] [Input] Move: dx=-0.79, dz=0.69&#xD;
[INPUT] [Input] Move: dx=-0.79, dz=0.69&#xD;
[INPUT] [Input] Move: dx=-0.79, dz=0.69&#xD;
[INPUT] [Input] Move: dx=-0.79, dz=0.69&#xD;
[INPUT] [Input] Move: dx=-0.79, dz=0.69&#xD;
[INPUT] [Input] Move: dx=-0.79, dz=0.69&#xD;
[INPUT] [Input] Move: dx=-0.79, dz=0.69&#xD;
[INPUT] [Input] Move: dx=-0.79, dz=0.69&#xD;
[INPUT] [Input] Move: dx=0.00, dz=0.00&#xD;
[INPUT] [Input] Skill1 pressed&#xD;
[INPUT] [Input] Skill1 pressed&#xD;
[INPUT] [Input] Skill2 pressed&#xD;
[INPUT] [Input] Skill2 pressed&#xD;
[INPUT] [Input] Skill3 pressed&#xD;
[INPUT] [Input] Skill3 pressed&#xD;
[SYS] [AutoTest] Auto test stopped&#xD;
[SYS] [TEST] Testing Initialization...&#xD;
[SYS] [TEST] Initialization: PASS&#xD;
[SYS] [TEST] Testing Phase Transition...&#xD;
[SYS] Transitioning to: InMatch&#xD;
[PHASE] [PhaseHost] Exiting phase: InMatch&#xD;
[PHASE] [InMatch] Exiting to InMatch&#xD;
[SYS] [HUD] Detached&#xD;
[VIEW] [View] Detached&#xD;
[ENTITY] [BattleEntityFeature] ECS World destroyed&#xD;
[PHASE] [PhaseHost] Entering phase: InMatch&#xD;
[PHASE] [InMatch] Entered InMatch phase&#xD;
[ENTITY] [BattleEntityFeature] ECS World created, EntityFactory and EntityQuery injected&#xD;
[VIEW] Game started with 10 players&#xD;
[VIEW] [View] Attached&#xD;
[SYNC] [Sync] Attached - SyncMode: Lockstep&#xD;
[INPUT] [Input] Attached - PlayerId: 52359&#xD;
[SYS] [HUD] Attached&#xD;
[DEBUG] Phase entered: InMatch&#xD;
[BATTLE] Battle started!&#xD;
[SYS] ECS World Status:&#xD;
[SYS]   Alive entities: 1&#xD;
[SYS]   Phase: InMatch&#xD;
[SYS]   Frame: 591&#xD;
[SYS] [TEST] Phase Transition: PASS&#xD;
[SYS] ========================================&#xD;
[SYS] Auto test completed: 48 steps, 583 ticks&#xD;
[SYS] ========================================&#xD;
[SYS] ========================================&#xD;
[SYS]    AUTO TEST COMPLETED&#xD;
[SYS] ========================================&#xD;
[SYS] Total Time: 614ms&#xD;
[SYS] Init: PASS&#xD;
[SYS] Phase: PASS&#xD;
[SYS] Result: 3/3 tests passed&#xD;
[SYS] ========================================&#xD;
[VIEW] [View] Detached&#xD;
[ENTITY] [BattleEntityFeature] ECS World destroyed&#xD;
[INPUT] [InputHandler] Stopping...&#xD;
[VIEW] [ViewTimeline] Disposed&#xD;
[SYNC] [FrameSync] Disposed&#xD;
[PROJ] [Projectile] Cleared 0 projectiles&#xD;
[VIEW] [VfxManager] Disposed&#xD;
[SYNC] [SyncFactory] Creating FrameSyncAdapter (Lockstep mode)&#xD;
[SYNC] [FrameSync] Initialized - Mode: Lockstep, LocalActorId: 52359&#xD;
[ERROR] [Bootstrapper] Failed to resolve TriggerPlanJsonDatabase: Cannot resolve scoped service from root container: AbilityKit.Triggering.Runtime.Plan.Json.TriggerPlanJsonDatabase&#xD;
[TriggerPlanDirectoryLoader] Failed to load trigger plan file ability/triggers/buffs/trigger_10101.json: Unsupported action parameter string value: ������ִ�У�������Ѫ10�㣡&#xD;
[TriggerPlanDirectoryLoader] Failed to load trigger plan file ability/triggers/buffs/trigger_20001.json: Unsupported action parameter string value: �ͷż��������־���11111&#xD;
[TriggerPlanDirectoryLoader] Failed to load trigger plan file ability/triggers/buffs/trigger_20002.json: Unsupported action parameter string value: ���������ͷż��������־���22222&#xD;
[TriggerPlanDirectoryLoader] Failed to load trigger plan file ability/triggers/buffs/trigger_20003.json: Unsupported action parameter token type: Array&#xD;
[TriggerPlanDirectoryLoader] Failed to load trigger plan file ability/triggers/buffs/trigger_20004.json: Unsupported action parameter string value: ������־���11111&#xD;
[TriggerPlanDirectoryLoader] Failed to load trigger plan file ability/triggers/buffs/trigger_20005.json: Unsupported action parameter string value: ��ײ�ص���־&#xD;
[TriggerPlanDirectoryLoader] Failed to load trigger plan file ability/triggers/buffs/trigger_21002.json: Unsupported action parameter string value: Explicit&#xD;
[TriggerPlanDirectoryLoader] Failed to load trigger plan file ability/triggers/buffs/trigger_buff101_add.json: Unsupported action parameter string value: Buff101 �����ӣ���ʼÿ���Ѫ��&#xD;
[TriggerPlanDirectoryLoader] Failed to load trigger plan file ability/triggers/skills/trigger_10001.json: Unsupported action parameter token type: Array&#xD;
[INPUT] [InputHandler] Starting...&#xD;
[INPUT] [InputHandler] Ready. Press H for help.&#xD;
[ENTITY] [BattleEntityFeature] ECS World created, EntityFactory and EntityQuery injected&#xD;
[VIEW] Game started with 10 players&#xD;
[VIEW] [View] Attached&#xD;
[SYNC] [Sync] Attached - SyncMode: Lockstep&#xD;
[INPUT] [Input] Attached - PlayerId: 0&#xD;
[BATTLE] Battle started!&#xD;
[SYS] Transitioning to: InMatch&#xD;
[PHASE] [PhaseHost] Exiting phase: InMatch&#xD;
[PHASE] [InMatch] Exiting to InMatch&#xD;
[SYS] [HUD] Detached&#xD;
[VIEW] [View] Detached&#xD;
[ENTITY] [BattleEntityFeature] ECS World destroyed&#xD;
[PHASE] [PhaseHost] Entering phase: InMatch&#xD;
[PHASE] [InMatch] Entered InMatch phase&#xD;
[ENTITY] [BattleEntityFeature] ECS World created, EntityFactory and EntityQuery injected&#xD;
[VIEW] Game started with 10 players&#xD;
[VIEW] [View] Attached&#xD;
[SYNC] [Sync] Attached - SyncMode: Lockstep&#xD;
[INPUT] [Input] Attached - PlayerId: 0&#xD;
[SYS] [HUD] Attached&#xD;
[DEBUG] Phase entered: InMatch&#xD;
[BATTLE] Battle started!&#xD;
[SYS] ECS World Status:&#xD;
[SYS]   Alive entities: 1&#xD;
[SYS]   Phase: InMatch&#xD;
[SYS]   Frame: 8&#xD;
[SYS] [AutoTest] Auto test started&#xD;
[BATTLE] [InMatch] Spawned ���� (Team 1) at (0.0, 0.0) as NetId=52359&#xD;
[BATTLE] [InMatch] Spawned С�� (Team 1) at (10.0, 0.0) as NetId=40253&#xD;
[BATTLE] [InMatch] Spawned ���� (Team 1) at (-10.0, 0.0) as NetId=44459&#xD;
[BATTLE] [InMatch] Spawned ���� (Team 2) at (0.0, 50.0) as NetId=65140&#xD;
[BATTLE] [InMatch] Spawned С�� (Team 2) at (10.0, 50.0) as NetId=45006&#xD;
[BATTLE] [InMatch] Spawned ���� (Team 2) at (-10.0, 50.0) as NetId=40792&#xD;
[PHASE] [InMatch] Step 1/4: Spawned 6 actors&#xD;
[INPUT] [Input] Skill1 pressed&#xD;
[PHASE] [InMatch] Step 2/4: LocalPlayer registered: ActorId=52359&#xD;
[PHASE] [InMatch] Step 3/4: Battle state initialized&#xD;
[SYS] ============================================================&#xD;
[SYS] |                     BATTLE STARTED                     |&#xD;
[SYS] ============================================================&#xD;
[PHASE] [InMatch] Step 4/4: Total actors: 6&#xD;
[PHASE] [InMatch] All init steps completed&#xD;
[INPUT] [Input] Skill1 pressed&#xD;
[SYS] [AutoTest] Auto test stopped&#xD;
[SYS] [TEST] Testing Initialization...&#xD;
[SYS] [TEST] Initialization: PASS&#xD;
[SYS] [TEST] Testing Phase Transition...&#xD;
[SYS] Transitioning to: InMatch&#xD;
[PHASE] [PhaseHost] Exiting phase: InMatch&#xD;
[PHASE] [InMatch] Exiting to InMatch&#xD;
[SYS] [HUD] Detached&#xD;
[VIEW] [View] Detached&#xD;
[ENTITY] [BattleEntityFeature] ECS World destroyed&#xD;
[PHASE] [PhaseHost] Entering phase: InMatch&#xD;
[PHASE] [InMatch] Entered InMatch phase&#xD;
[ENTITY] [BattleEntityFeature] ECS World created, EntityFactory and EntityQuery injected&#xD;
[VIEW] Game started with 10 players&#xD;
[VIEW] [View] Attached&#xD;
[SYNC] [Sync] Attached - SyncMode: Lockstep&#xD;
[INPUT] [Input] Attached - PlayerId: 52359&#xD;
[SYS] [HUD] Attached&#xD;
[DEBUG] Phase entered: InMatch&#xD;
[BATTLE] Battle started!&#xD;
[SYS] ECS World Status:&#xD;
[SYS]   Alive entities: 1&#xD;
[SYS]   Phase: InMatch&#xD;
[SYS]   Frame: 70&#xD;
[SYS] [TEST] Phase Transition: PASS&#xD;
[SYS] ========================================&#xD;
[SYS] Auto test completed: 4 steps, 62 ticks&#xD;
[SYS] ========================================&#xD;
[SYS] ========================================&#xD;
[SYS]    AUTO TEST COMPLETED&#xD;
[SYS] ========================================&#xD;
[SYS] Total Time: 132ms&#xD;
[SYS] Init: PASS&#xD;
[SYS] Phase: PASS&#xD;
[SYS] Result: 3/3 tests passed&#xD;
[SYS] ========================================&#xD;
[BATTLE] [InMatch] Spawned ���� (Team 1) at (0.0, 0.0) as NetId=52359&#xD;
[BATTLE] [InMatch] Spawned С�� (Team 1) at (10.0, 0.0) as NetId=40253&#xD;
[BATTLE] [InMatch] Spawned ���� (Team 1) at (-10.0, 0.0) as NetId=44459&#xD;
[BATTLE] [InMatch] Spawned ���� (Team 2) at (0.0, 50.0) as NetId=65140&#xD;
[BATTLE] [InMatch] Spawned С�� (Team 2) at (10.0, 50.0) as NetId=45006&#xD;
[BATTLE] [InMatch] Spawned ���� (Team 2) at (-10.0, 50.0) as NetId=40792&#xD;
[SYS] ============================================================&#xD;
[SYS] |                     BATTLE STARTED                     |&#xD;
[SYS] ============================================================&#xD;
[VIEW] [View] Detached&#xD;
[ENTITY] [BattleEntityFeature] ECS World destroyed&#xD;
[INPUT] [InputHandler] Stopping...&#xD;
[VIEW] [ViewTimeline] Disposed&#xD;
[SYNC] [FrameSync] Disposed&#xD;
[PROJ] [Projectile] Cleared 0 projectiles&#xD;
[VIEW] [VfxManager] Disposed&#xD;
[SYNC] [SyncFactory] Creating FrameSyncAdapter (Lockstep mode)&#xD;
[SYNC] [FrameSync] Initialized - Mode: Lockstep, LocalActorId: 52359&#xD;
[ERROR] [Bootstrapper] Failed to resolve TriggerPlanJsonDatabase: Cannot resolve scoped service from root container: AbilityKit.Triggering.Runtime.Plan.Json.TriggerPlanJsonDatabase&#xD;
[TriggerPlanDirectoryLoader] Failed to load trigger plan file ability/triggers/buffs/trigger_10101.json: Unsupported action parameter string value: ������ִ�У�������Ѫ10�㣡&#xD;
[TriggerPlanDirectoryLoader] Failed to load trigger plan file ability/triggers/buffs/trigger_20001.json: Unsupported action parameter string value: �ͷż��������־���11111&#xD;
[TriggerPlanDirectoryLoader] Failed to load trigger plan file ability/triggers/buffs/trigger_20002.json: Unsupported action parameter string value: ���������ͷż��������־���22222&#xD;
[TriggerPlanDirectoryLoader] Failed to load trigger plan file ability/triggers/buffs/trigger_20003.json: Unsupported action parameter token type: Array&#xD;
[TriggerPlanDirectoryLoader] Failed to load trigger plan file ability/triggers/buffs/trigger_20004.json: Unsupported action parameter string value: ������־���11111&#xD;
[TriggerPlanDirectoryLoader] Failed to load trigger plan file ability/triggers/buffs/trigger_20005.json: Unsupported action parameter string value: ��ײ�ص���־&#xD;
[TriggerPlanDirectoryLoader] Failed to load trigger plan file ability/triggers/buffs/trigger_21002.json: Unsupported action parameter string value: Explicit&#xD;
[TriggerPlanDirectoryLoader] Failed to load trigger plan file ability/triggers/buffs/trigger_buff101_add.json: Unsupported action parameter string value: Buff101 �����ӣ���ʼÿ���Ѫ��&#xD;
[TriggerPlanDirectoryLoader] Failed to load trigger plan file ability/triggers/skills/trigger_10001.json: Unsupported action parameter token type: Array&#xD;
[INPUT] [InputHandler] Starting...&#xD;
[INPUT] [InputHandler] Ready. Press H for help.&#xD;
[ENTITY] [BattleEntityFeature] ECS World created, EntityFactory and EntityQuery injected&#xD;
[VIEW] Game started with 10 players&#xD;
[VIEW] [View] Attached&#xD;
[SYNC] [Sync] Attached - SyncMode: Lockstep&#xD;
[INPUT] [Input] Attached - PlayerId: 0&#xD;
[BATTLE] Battle started!&#xD;
[SYS] Transitioning to: InMatch&#xD;
[PHASE] [PhaseHost] Exiting phase: InMatch&#xD;
[PHASE] [InMatch] Exiting to InMatch&#xD;
[SYS] [HUD] Detached&#xD;
[VIEW] [View] Detached&#xD;
[ENTITY] [BattleEntityFeature] ECS World destroyed&#xD;
[PHASE] [PhaseHost] Entering phase: InMatch&#xD;
[PHASE] [InMatch] Entered InMatch phase&#xD;
[ENTITY] [BattleEntityFeature] ECS World created, EntityFactory and EntityQuery injected&#xD;
[VIEW] Game started with 10 players&#xD;
[VIEW] [View] Attached&#xD;
[SYNC] [Sync] Attached - SyncMode: Lockstep&#xD;
[INPUT] [Input] Attached - PlayerId: 0&#xD;
[SYS] [HUD] Attached&#xD;
[DEBUG] Phase entered: InMatch&#xD;
[BATTLE] Battle started!&#xD;
[SYS] ECS World Status:&#xD;
[SYS]   Alive entities: 1&#xD;
[SYS]   Phase: InMatch&#xD;
[SYS]   Frame: 8&#xD;
[SYS] [AutoTest] Auto test started&#xD;
[BATTLE] [InMatch] Spawned ���� (Team 1) at (0.0, 0.0) as NetId=52359&#xD;
[BATTLE] [InMatch] Spawned С�� (Team 1) at (10.0, 0.0) as NetId=40253&#xD;
[BATTLE] [InMatch] Spawned ���� (Team 1) at (-10.0, 0.0) as NetId=44459&#xD;
[BATTLE] [InMatch] Spawned ���� (Team 2) at (0.0, 50.0) as NetId=65140&#xD;
[BATTLE] [InMatch] Spawned С�� (Team 2) at (10.0, 50.0) as NetId=45006&#xD;
[BATTLE] [InMatch] Spawned ���� (Team 2) at (-10.0, 50.0) as NetId=40792&#xD;
[PHASE] [InMatch] Step 1/4: Spawned 6 actors&#xD;
[INPUT] [Input] Move: dx=1.00, dz=0.00&#xD;
[PHASE] [InMatch] Step 2/4: LocalPlayer registered: ActorId=52359&#xD;
[INPUT] [Input] Move: dx=1.00, dz=0.00&#xD;
[PHASE] [InMatch] Step 3/4: Battle state initialized&#xD;
[INPUT] [Input] Move: dx=1.00, dz=0.00&#xD;
[SYS] ============================================================&#xD;
[SYS] |                     BATTLE STARTED                     |&#xD;
[SYS] ============================================================&#xD;
[PHASE] [InMatch] Step 4/4: Total actors: 6&#xD;
[INPUT] [Input] Move: dx=1.00, dz=0.00&#xD;
[PHASE] [InMatch] All init steps completed&#xD;
[INPUT] [Input] Move: dx=1.00, dz=0.00&#xD;
[INPUT] [Input] Move: dx=1.00, dz=0.00&#xD;
[INPUT] [Input] Move: dx=1.00, dz=0.00&#xD;
[INPUT] [Input] Move: dx=1.00, dz=0.00&#xD;
[INPUT] [Input] Move: dx=1.00, dz=0.00&#xD;
[INPUT] [Input] Move: dx=1.00, dz=0.00&#xD;
[INPUT] [Input] Move: dx=1.00, dz=0.00&#xD;
[INPUT] [Input] Move: dx=1.00, dz=0.00&#xD;
[INPUT] [Input] Move: dx=1.00, dz=0.00&#xD;
[INPUT] [Input] Move: dx=1.00, dz=0.00&#xD;
[INPUT] [Input] Move: dx=1.00, dz=0.00&#xD;
[INPUT] [Input] Move: dx=1.00, dz=0.00&#xD;
[INPUT] [Input] Skill1 pressed&#xD;
[INPUT] [Input] Move: dx=1.00, dz=0.00&#xD;
[INPUT] [Input] Move: dx=1.00, dz=0.00&#xD;
[INPUT] [Input] Move: dx=1.00, dz=0.00&#xD;
[INPUT] [Input] Move: dx=1.00, dz=0.00&#xD;
[INPUT] [Input] Move: dx=1.00, dz=0.00&#xD;
[INPUT] [Input] Move: dx=1.00, dz=0.00&#xD;
[INPUT] [Input] Move: dx=1.00, dz=0.00&#xD;
[INPUT] [Input] Move: dx=1.00, dz=0.00&#xD;
[INPUT] [Input] Move: dx=1.00, dz=0.00&#xD;
[INPUT] [Input] Move: dx=1.00, dz=0.00&#xD;
[INPUT] [Input] Move: dx=1.00, dz=0.00&#xD;
[INPUT] [Input] Move: dx=1.00, dz=0.00&#xD;
[INPUT] [Input] Move: dx=1.00, dz=0.00&#xD;
[INPUT] [Input] Move: dx=1.00, dz=0.00&#xD;
[INPUT] [Input] Move: dx=1.00, dz=0.00&#xD;
[INPUT] [Input] Move: dx=1.00, dz=0.00&#xD;
[INPUT] [Input] Move: dx=1.00, dz=0.00&#xD;
[INPUT] [Input] Move: dx=1.00, dz=0.00&#xD;
[INPUT] [Input] Move: dx=1.00, dz=0.00&#xD;
[INPUT] [Input] Move: dx=1.00, dz=0.00&#xD;
[INPUT] [Input] Move: dx=1.00, dz=0.00&#xD;
[INPUT] [Input] Move: dx=1.00, dz=0.00&#xD;
[INPUT] [Input] Move: dx=1.00, dz=0.00&#xD;
[INPUT] [Input] Move: dx=1.00, dz=0.00&#xD;
[INPUT] [Input] Move: dx=1.00, dz=0.00&#xD;
[INPUT] [Input] Move: dx=1.00, dz=0.00&#xD;
[INPUT] [Input] Move: dx=1.00, dz=0.00&#xD;
[INPUT] [Input] Move: dx=1.00, dz=0.00&#xD;
[INPUT] [Input] Move: dx=1.00, dz=0.00&#xD;
[INPUT] [Input] Move: dx=1.00, dz=0.00&#xD;
[INPUT] [Input] Move: dx=0.00, dz=1.00&#xD;
[INPUT] [Input] Move: dx=0.00, dz=1.00&#xD;
[INPUT] [Input] Move: dx=0.00, dz=1.00&#xD;
[INPUT] [Input] Move: dx=0.00, dz=1.00&#xD;
[INPUT] [Input] Move: dx=0.00, dz=1.00&#xD;
[INPUT] [Input] Move: dx=0.00, dz=1.00&#xD;
[INPUT] [Input] Move: dx=0.00, dz=1.00&#xD;
[INPUT] [Input] Move: dx=0.00, dz=1.00&#xD;
[INPUT] [Input] Move: dx=0.00, dz=1.00&#xD;
[INPUT] [Input] Move: dx=0.00, dz=1.00&#xD;
[INPUT] [Input] Move: dx=0.00, dz=1.00&#xD;
[INPUT] [Input] Move: dx=0.00, dz=1.00&#xD;
[INPUT] [Input] Move: dx=0.00, dz=1.00&#xD;
[INPUT] [Input] Move: dx=0.00, dz=1.00&#xD;
[INPUT] [Input] Move: dx=0.00, dz=1.00&#xD;
[INPUT] [Input] Move: dx=0.00, dz=1.00&#xD;
[INPUT] [Input] Skill2 pressed&#xD;
[INPUT] [Input] Move: dx=0.00, dz=1.00&#xD;
[INPUT] [Input] Move: dx=0.00, dz=1.00&#xD;
[INPUT] [Input] Move: dx=0.00, dz=1.00&#xD;
[INPUT] [Input] Move: dx=0.00, dz=1.00&#xD;
[INPUT] [Input] Move: dx=0.00, dz=1.00&#xD;
[INPUT] [Input] Move: dx=0.00, dz=1.00&#xD;
[INPUT] [Input] Move: dx=0.00, dz=1.00&#xD;
[INPUT] [Input] Move: dx=0.00, dz=1.00&#xD;
[INPUT] [Input] Move: dx=0.00, dz=1.00&#xD;
[INPUT] [Input] Move: dx=0.00, dz=1.00&#xD;
[INPUT] [Input] Move: dx=0.00, dz=1.00&#xD;
[INPUT] [Input] Move: dx=0.00, dz=1.00&#xD;
[INPUT] [Input] Move: dx=0.00, dz=1.00&#xD;
[INPUT] [Input] Move: dx=0.00, dz=1.00&#xD;
[INPUT] [Input] Move: dx=0.00, dz=1.00&#xD;
[INPUT] [Input] Move: dx=0.00, dz=1.00&#xD;
[INPUT] [Input] Move: dx=0.00, dz=1.00&#xD;
[INPUT] [Input] Move: dx=0.00, dz=1.00&#xD;
[INPUT] [Input] Move: dx=0.00, dz=1.00&#xD;
[INPUT] [Input] Move: dx=0.00, dz=1.00&#xD;
[INPUT] [Input] Move: dx=0.00, dz=1.00&#xD;
[INPUT] [Input] Move: dx=0.00, dz=1.00&#xD;
[INPUT] [Input] Move: dx=0.00, dz=1.00&#xD;
[INPUT] [Input] Move: dx=0.00, dz=1.00&#xD;
[INPUT] [Input] Move: dx=0.00, dz=1.00&#xD;
[INPUT] [Input] Move: dx=0.00, dz=1.00&#xD;
[INPUT] [Input] Move: dx=0.00, dz=1.00&#xD;
[INPUT] [Input] Move: dx=0.00, dz=1.00&#xD;
[INPUT] [Input] Move: dx=0.00, dz=1.00&#xD;
[INPUT] [Input] Move: dx=0.00, dz=1.00&#xD;
[INPUT] [Input] Move: dx=1.00, dz=0.00&#xD;
[INPUT] [Input] Move: dx=1.00, dz=0.00&#xD;
[INPUT] [Input] Move: dx=1.00, dz=0.00&#xD;
[INPUT] [Input] Move: dx=1.00, dz=0.00&#xD;
[INPUT] [Input] Move: dx=1.00, dz=0.00&#xD;
[INPUT] [Input] Move: dx=1.00, dz=0.00&#xD;
[INPUT] [Input] Move: dx=1.00, dz=0.00&#xD;
[INPUT] [Input] Move: dx=1.00, dz=0.00&#xD;
[INPUT] [Input] Move: dx=1.00, dz=0.00&#xD;
[INPUT] [Input] Move: dx=1.00, dz=0.00&#xD;
[INPUT] [Input] Move: dx=1.00, dz=0.00&#xD;
[INPUT] [Input] Move: dx=1.00, dz=0.00&#xD;
[INPUT] [Input] Move: dx=1.00, dz=0.00&#xD;
[INPUT] [Input] Move: dx=1.00, dz=0.00&#xD;
[INPUT] [Input] Move: dx=1.00, dz=0.00&#xD;
[INPUT] [Input] Move: dx=1.00, dz=0.00&#xD;
[INPUT] [Input] Skill1 pressed&#xD;
[INPUT] [Input] Move: dx=1.00, dz=0.00&#xD;
[INPUT] [Input] Move: dx=1.00, dz=0.00&#xD;
[INPUT] [Input] Move: dx=1.00, dz=0.00&#xD;
[INPUT] [Input] Move: dx=1.00, dz=0.00&#xD;
[INPUT] [Input] Move: dx=1.00, dz=0.00&#xD;
[INPUT] [Input] Move: dx=1.00, dz=0.00&#xD;
[INPUT] [Input] Move: dx=1.00, dz=0.00&#xD;
[INPUT] [Input] Move: dx=1.00, dz=0.00&#xD;
[INPUT] [Input] Move: dx=1.00, dz=0.00&#xD;
[INPUT] [Input] Move: dx=1.00, dz=0.00&#xD;
[INPUT] [Input] Move: dx=1.00, dz=0.00&#xD;
[INPUT] [Input] Move: dx=1.00, dz=0.00&#xD;
[INPUT] [Input] Move: dx=1.00, dz=0.00&#xD;
[INPUT] [Input] Move: dx=1.00, dz=0.00&#xD;
[INPUT] [Input] Move: dx=1.00, dz=0.00&#xD;
[INPUT] [Input] Move: dx=1.00, dz=0.00&#xD;
[INPUT] [Input] Move: dx=1.00, dz=0.00&#xD;
[INPUT] [Input] Move: dx=1.00, dz=0.00&#xD;
[INPUT] [Input] Move: dx=1.00, dz=0.00&#xD;
[INPUT] [Input] Move: dx=1.00, dz=0.00&#xD;
[INPUT] [Input] Move: dx=1.00, dz=0.00&#xD;
[INPUT] [Input] Move: dx=1.00, dz=0.00&#xD;
[INPUT] [Input] Move: dx=1.00, dz=0.00&#xD;
[INPUT] [Input] Move: dx=1.00, dz=0.00&#xD;
[INPUT] [Input] Move: dx=1.00, dz=0.00&#xD;
[INPUT] [Input] Move: dx=1.00, dz=0.00&#xD;
[INPUT] [Input] Move: dx=1.00, dz=0.00&#xD;
[INPUT] [Input] Move: dx=1.00, dz=0.00&#xD;
[INPUT] [Input] Move: dx=1.00, dz=0.00&#xD;
[INPUT] [Input] Move: dx=1.00, dz=0.00&#xD;
[INPUT] [Input] Move: dx=0.00, dz=1.00&#xD;
[INPUT] [Input] Move: dx=0.00, dz=1.00&#xD;
[INPUT] [Input] Move: dx=0.00, dz=1.00&#xD;
[INPUT] [Input] Move: dx=0.00, dz=1.00&#xD;
[INPUT] [Input] Move: dx=0.00, dz=1.00&#xD;
[INPUT] [Input] Move: dx=0.00, dz=1.00&#xD;
[INPUT] [Input] Move: dx=0.00, dz=1.00&#xD;
[INPUT] [Input] Move: dx=0.00, dz=1.00&#xD;
[INPUT] [Input] Move: dx=0.00, dz=1.00&#xD;
[INPUT] [Input] Move: dx=0.00, dz=1.00&#xD;
[INPUT] [Input] Move: dx=0.00, dz=1.00&#xD;
[INPUT] [Input] Move: dx=0.00, dz=1.00&#xD;
[INPUT] [Input] Move: dx=0.00, dz=1.00&#xD;
[INPUT] [Input] Move: dx=0.00, dz=1.00&#xD;
[INPUT] [Input] Move: dx=0.00, dz=1.00&#xD;
[INPUT] [Input] Move: dx=0.00, dz=1.00&#xD;
[INPUT] [Input] Skill2 pressed&#xD;
[INPUT] [Input] Move: dx=0.00, dz=1.00&#xD;
[INPUT] [Input] Move: dx=0.00, dz=1.00&#xD;
[INPUT] [Input] Move: dx=0.00, dz=1.00&#xD;
[INPUT] [Input] Move: dx=0.00, dz=1.00&#xD;
[INPUT] [Input] Move: dx=0.00, dz=1.00&#xD;
[INPUT] [Input] Move: dx=0.00, dz=1.00&#xD;
[INPUT] [Input] Move: dx=0.00, dz=1.00&#xD;
[INPUT] [Input] Move: dx=0.00, dz=1.00&#xD;
[INPUT] [Input] Move: dx=0.00, dz=1.00&#xD;
[INPUT] [Input] Move: dx=0.00, dz=1.00&#xD;
[INPUT] [Input] Move: dx=0.00, dz=1.00&#xD;
[INPUT] [Input] Move: dx=0.00, dz=1.00&#xD;
[INPUT] [Input] Move: dx=0.00, dz=1.00&#xD;
[INPUT] [Input] Move: dx=0.00, dz=1.00&#xD;
[INPUT] [Input] Move: dx=0.00, dz=1.00&#xD;
[INPUT] [Input] Move: dx=0.00, dz=1.00&#xD;
[INPUT] [Input] Move: dx=0.00, dz=1.00&#xD;
[INPUT] [Input] Move: dx=0.00, dz=1.00&#xD;
[INPUT] [Input] Move: dx=0.00, dz=1.00&#xD;
[INPUT] [Input] Move: dx=0.00, dz=1.00&#xD;
[INPUT] [Input] Move: dx=0.00, dz=1.00&#xD;
[INPUT] [Input] Move: dx=0.00, dz=1.00&#xD;
[INPUT] [Input] Move: dx=0.00, dz=1.00&#xD;
[INPUT] [Input] Move: dx=0.00, dz=1.00&#xD;
[INPUT] [Input] Move: dx=0.00, dz=1.00&#xD;
[INPUT] [Input] Move: dx=0.00, dz=1.00&#xD;
[INPUT] [Input] Move: dx=0.00, dz=1.00&#xD;
[INPUT] [Input] Move: dx=0.00, dz=1.00&#xD;
[INPUT] [Input] Move: dx=0.00, dz=1.00&#xD;
[INPUT] [Input] Move: dx=0.00, dz=1.00&#xD;
[INPUT] [Input] Move: dx=1.00, dz=0.00&#xD;
[INPUT] [Input] Move: dx=1.00, dz=0.00&#xD;
[INPUT] [Input] Move: dx=1.00, dz=0.00&#xD;
[INPUT] [Input] Move: dx=1.00, dz=0.00&#xD;
[INPUT] [Input] Move: dx=1.00, dz=0.00&#xD;
[INPUT] [Input] Move: dx=1.00, dz=0.00&#xD;
[INPUT] [Input] Move: dx=1.00, dz=0.00&#xD;
[INPUT] [Input] Move: dx=1.00, dz=0.00&#xD;
[INPUT] [Input] Move: dx=1.00, dz=0.00&#xD;
[INPUT] [Input] Move: dx=1.00, dz=0.00&#xD;
[INPUT] [Input] Move: dx=1.00, dz=0.00&#xD;
[INPUT] [Input] Move: dx=1.00, dz=0.00&#xD;
[INPUT] [Input] Move: dx=1.00, dz=0.00&#xD;
[INPUT] [Input] Move: dx=1.00, dz=0.00&#xD;
[INPUT] [Input] Move: dx=1.00, dz=0.00&#xD;
[INPUT] [Input] Move: dx=1.00, dz=0.00&#xD;
[INPUT] [Input] Skill1 pressed&#xD;
[INPUT] [Input] Move: dx=1.00, dz=0.00&#xD;
[INPUT] [Input] Move: dx=1.00, dz=0.00&#xD;
[INPUT] [Input] Move: dx=1.00, dz=0.00&#xD;
[INPUT] [Input] Move: dx=1.00, dz=0.00&#xD;
[INPUT] [Input] Move: dx=1.00, dz=0.00&#xD;
[INPUT] [Input] Move: dx=1.00, dz=0.00&#xD;
[INPUT] [Input] Move: dx=1.00, dz=0.00&#xD;
[INPUT] [Input] Move: dx=1.00, dz=0.00&#xD;
[INPUT] [Input] Move: dx=1.00, dz=0.00&#xD;
[INPUT] [Input] Move: dx=1.00, dz=0.00&#xD;
[INPUT] [Input] Move: dx=1.00, dz=0.00&#xD;
[INPUT] [Input] Move: dx=1.00, dz=0.00&#xD;
[INPUT] [Input] Move: dx=1.00, dz=0.00&#xD;
[INPUT] [Input] Move: dx=1.00, dz=0.00&#xD;
[INPUT] [Input] Move: dx=1.00, dz=0.00&#xD;
[INPUT] [Input] Move: dx=1.00, dz=0.00&#xD;
[INPUT] [Input] Move: dx=1.00, dz=0.00&#xD;
[INPUT] [Input] Move: dx=1.00, dz=0.00&#xD;
[INPUT] [Input] Move: dx=1.00, dz=0.00&#xD;
[INPUT] [Input] Move: dx=1.00, dz=0.00&#xD;
[INPUT] [Input] Move: dx=1.00, dz=0.00&#xD;
[INPUT] [Input] Move: dx=1.00, dz=0.00&#xD;
[INPUT] [Input] Move: dx=1.00, dz=0.00&#xD;
[INPUT] [Input] Move: dx=1.00, dz=0.00&#xD;
[INPUT] [Input] Move: dx=1.00, dz=0.00&#xD;
[INPUT] [Input] Move: dx=1.00, dz=0.00&#xD;
[INPUT] [Input] Move: dx=1.00, dz=0.00&#xD;
[INPUT] [Input] Move: dx=1.00, dz=0.00&#xD;
[INPUT] [Input] Move: dx=1.00, dz=0.00&#xD;
[INPUT] [Input] Move: dx=1.00, dz=0.00&#xD;
[INPUT] [Input] Move: dx=0.00, dz=1.00&#xD;
[INPUT] [Input] Move: dx=0.00, dz=1.00&#xD;
[INPUT] [Input] Move: dx=0.00, dz=1.00&#xD;
[INPUT] [Input] Move: dx=0.00, dz=1.00&#xD;
[INPUT] [Input] Move: dx=0.00, dz=1.00&#xD;
[INPUT] [Input] Move: dx=0.00, dz=1.00&#xD;
[INPUT] [Input] Move: dx=0.00, dz=1.00&#xD;
[INPUT] [Input] Move: dx=0.00, dz=1.00&#xD;
[INPUT] [Input] Move: dx=0.00, dz=1.00&#xD;
[INPUT] [Input] Move: dx=0.00, dz=1.00&#xD;
[INPUT] [Input] Move: dx=0.00, dz=1.00&#xD;
[INPUT] [Input] Move: dx=0.00, dz=1.00&#xD;
[INPUT] [Input] Move: dx=0.00, dz=1.00&#xD;
[INPUT] [Input] Move: dx=0.00, dz=1.00&#xD;
[INPUT] [Input] Move: dx=0.00, dz=1.00&#xD;
[INPUT] [Input] Move: dx=0.00, dz=1.00&#xD;
[INPUT] [Input] Skill2 pressed&#xD;
[INPUT] [Input] Move: dx=0.00, dz=1.00&#xD;
[INPUT] [Input] Move: dx=0.00, dz=1.00&#xD;
[INPUT] [Input] Move: dx=0.00, dz=1.00&#xD;
[INPUT] [Input] Move: dx=0.00, dz=1.00&#xD;
[INPUT] [Input] Move: dx=0.00, dz=1.00&#xD;
[INPUT] [Input] Move: dx=0.00, dz=1.00&#xD;
[INPUT] [Input] Move: dx=0.00, dz=1.00&#xD;
[INPUT] [Input] Move: dx=0.00, dz=1.00&#xD;
[INPUT] [Input] Move: dx=0.00, dz=1.00&#xD;
[INPUT] [Input] Move: dx=0.00, dz=1.00&#xD;
[INPUT] [Input] Move: dx=0.00, dz=1.00&#xD;
[INPUT] [Input] Move: dx=0.00, dz=1.00&#xD;
[INPUT] [Input] Move: dx=0.00, dz=1.00&#xD;
[INPUT] [Input] Move: dx=0.00, dz=1.00&#xD;
[INPUT] [Input] Move: dx=0.00, dz=1.00&#xD;
[INPUT] [Input] Move: dx=0.00, dz=1.00&#xD;
[INPUT] [Input] Move: dx=0.00, dz=1.00&#xD;
[INPUT] [Input] Move: dx=0.00, dz=1.00&#xD;
[INPUT] [Input] Move: dx=0.00, dz=1.00&#xD;
[INPUT] [Input] Move: dx=0.00, dz=1.00&#xD;
[INPUT] [Input] Move: dx=0.00, dz=1.00&#xD;
[INPUT] [Input] Move: dx=0.00, dz=1.00&#xD;
[INPUT] [Input] Move: dx=0.00, dz=1.00&#xD;
[INPUT] [Input] Move: dx=0.00, dz=1.00&#xD;
[INPUT] [Input] Move: dx=0.00, dz=1.00&#xD;
[INPUT] [Input] Move: dx=0.00, dz=1.00&#xD;
[INPUT] [Input] Move: dx=0.00, dz=1.00&#xD;
[INPUT] [Input] Move: dx=0.00, dz=1.00&#xD;
[INPUT] [Input] Move: dx=0.00, dz=1.00&#xD;
[INPUT] [Input] Move: dx=0.00, dz=1.00&#xD;
[INPUT] [Input] Move: dx=0.00, dz=0.00&#xD;
[INPUT] [Input] Move: dx=-0.58, dz=-0.76&#xD;
[INPUT] [Input] Move: dx=-0.58, dz=-0.76&#xD;
[INPUT] [Input] Move: dx=-0.58, dz=-0.76&#xD;
[INPUT] [Input] Move: dx=-0.58, dz=-0.76&#xD;
[INPUT] [Input] Move: dx=-0.58, dz=-0.76&#xD;
[INPUT] [Input] Move: dx=-0.58, dz=-0.76&#xD;
[SYNC] [FrameSync] Frame: 300, State: InMatch, Actors: 7&#xD;
[INPUT] [Input] Move: dx=-0.58, dz=-0.76&#xD;
[INPUT] [Input] Move: dx=-0.58, dz=-0.76&#xD;
[INPUT] [Input] Move: dx=0.86, dz=0.68&#xD;
[INPUT] [Input] Move: dx=0.86, dz=0.68&#xD;
[INPUT] [Input] Move: dx=0.86, dz=0.68&#xD;
[INPUT] [Input] Move: dx=0.86, dz=0.68&#xD;
[INPUT] [Input] Move: dx=0.86, dz=0.68&#xD;
[SYNC] [Sync] Frame: 308, State: InMatch, Actors: 7&#xD;
[INPUT] [Input] Move: dx=0.86, dz=0.68&#xD;
[INPUT] [Input] Move: dx=0.86, dz=0.68&#xD;
[INPUT] [Input] Move: dx=0.86, dz=0.68&#xD;
[INPUT] [Input] Move: dx=0.86, dz=0.68&#xD;
[INPUT] [Input] Move: dx=0.86, dz=0.68&#xD;
[INPUT] [Input] Move: dx=0.86, dz=0.68&#xD;
[INPUT] [Input] Move: dx=0.86, dz=0.68&#xD;
[INPUT] [Input] Move: dx=0.86, dz=0.68&#xD;
[INPUT] [Input] Move: dx=0.86, dz=0.68&#xD;
[INPUT] [Input] Move: dx=0.92, dz=-0.61&#xD;
[INPUT] [Input] Move: dx=0.92, dz=-0.61&#xD;
[INPUT] [Input] Move: dx=0.92, dz=-0.61&#xD;
[INPUT] [Input] Move: dx=0.92, dz=-0.61&#xD;
[INPUT] [Input] Move: dx=0.92, dz=-0.61&#xD;
[INPUT] [Input] Move: dx=0.92, dz=-0.61&#xD;
[INPUT] [Input] Move: dx=0.92, dz=-0.61&#xD;
[INPUT] [Input] Move: dx=0.92, dz=-0.61&#xD;
[INPUT] [Input] Move: dx=-0.41, dz=-0.40&#xD;
[INPUT] [Input] Move: dx=-0.41, dz=-0.40&#xD;
[INPUT] [Input] Move: dx=-0.41, dz=-0.40&#xD;
[INPUT] [Input] Move: dx=-0.41, dz=-0.40&#xD;
[INPUT] [Input] Move: dx=-0.41, dz=-0.40&#xD;
[INPUT] [Input] Move: dx=-0.41, dz=-0.40&#xD;
[INPUT] [Input] Move: dx=-0.41, dz=-0.40&#xD;
[INPUT] [Input] Move: dx=0.51, dz=-0.90&#xD;
[INPUT] [Input] Move: dx=0.51, dz=-0.90&#xD;
[INPUT] [Input] Move: dx=0.51, dz=-0.90&#xD;
[INPUT] [Input] Move: dx=0.51, dz=-0.90&#xD;
[INPUT] [Input] Move: dx=0.51, dz=-0.90&#xD;
[INPUT] [Input] Move: dx=0.51, dz=-0.90&#xD;
[INPUT] [Input] Move: dx=0.51, dz=-0.90&#xD;
[INPUT] [Input] Move: dx=0.51, dz=-0.90&#xD;
[INPUT] [Input] Move: dx=0.51, dz=-0.90&#xD;
[INPUT] [Input] Move: dx=0.51, dz=-0.90&#xD;
[INPUT] [Input] Move: dx=0.51, dz=-0.90&#xD;
[INPUT] [Input] Move: dx=0.51, dz=-0.90&#xD;
[INPUT] [Input] Move: dx=0.51, dz=-0.90&#xD;
[INPUT] [Input] Move: dx=-0.97, dz=0.76&#xD;
[INPUT] [Input] Move: dx=-0.97, dz=0.76&#xD;
[INPUT] [Input] Move: dx=-0.97, dz=0.76&#xD;
[INPUT] [Input] Move: dx=-0.97, dz=0.76&#xD;
[INPUT] [Input] Move: dx=-0.97, dz=0.76&#xD;
[INPUT] [Input] Move: dx=-0.97, dz=0.76&#xD;
[INPUT] [Input] Move: dx=-0.97, dz=0.76&#xD;
[INPUT] [Input] Move: dx=-0.97, dz=0.76&#xD;
[INPUT] [Input] Move: dx=-0.97, dz=0.76&#xD;
[INPUT] [Input] Move: dx=-0.97, dz=0.76&#xD;
[INPUT] [Input] Move: dx=-0.97, dz=0.76&#xD;
[INPUT] [Input] Move: dx=-0.97, dz=0.76&#xD;
[INPUT] [Input] Move: dx=-0.97, dz=0.76&#xD;
[INPUT] [Input] Move: dx=-0.97, dz=0.76&#xD;
[INPUT] [Input] Move: dx=0.74, dz=-0.98&#xD;
[INPUT] [Input] Move: dx=0.74, dz=-0.98&#xD;
[INPUT] [Input] Move: dx=0.74, dz=-0.98&#xD;
[INPUT] [Input] Move: dx=0.74, dz=-0.98&#xD;
[INPUT] [Input] Move: dx=0.74, dz=-0.98&#xD;
[INPUT] [Input] Move: dx=0.74, dz=-0.98&#xD;
[INPUT] [Input] Move: dx=0.74, dz=-0.98&#xD;
[INPUT] [Input] Move: dx=0.74, dz=-0.98&#xD;
[INPUT] [Input] Move: dx=0.74, dz=-0.98&#xD;
[INPUT] [Input] Move: dx=0.73, dz=0.90&#xD;
[INPUT] [Input] Move: dx=0.73, dz=0.90&#xD;
[INPUT] [Input] Move: dx=0.73, dz=0.90&#xD;
[INPUT] [Input] Move: dx=0.73, dz=0.90&#xD;
[INPUT] [Input] Move: dx=0.73, dz=0.90&#xD;
[INPUT] [Input] Move: dx=0.73, dz=0.90&#xD;
[INPUT] [Input] Move: dx=0.47, dz=-0.08&#xD;
[INPUT] [Input] Move: dx=0.47, dz=-0.08&#xD;
[INPUT] [Input] Move: dx=0.47, dz=-0.08&#xD;
[INPUT] [Input] Move: dx=0.47, dz=-0.08&#xD;
[INPUT] [Input] Move: dx=0.47, dz=-0.08&#xD;
[INPUT] [Input] Move: dx=0.47, dz=-0.08&#xD;
[INPUT] [Input] Move: dx=0.47, dz=-0.08&#xD;
[INPUT] [Input] Move: dx=0.47, dz=-0.08&#xD;
[INPUT] [Input] Move: dx=0.47, dz=-0.08&#xD;
[INPUT] [Input] Move: dx=-0.79, dz=0.69&#xD;
[INPUT] [Input] Move: dx=-0.79, dz=0.69&#xD;
[INPUT] [Input] Move: dx=-0.79, dz=0.69&#xD;
[INPUT] [Input] Move: dx=-0.79, dz=0.69&#xD;
[INPUT] [Input] Move: dx=-0.79, dz=0.69&#xD;
[INPUT] [Input] Move: dx=-0.79, dz=0.69&#xD;
[INPUT] [Input] Move: dx=-0.79, dz=0.69&#xD;
[INPUT] [Input] Move: dx=-0.79, dz=0.69&#xD;
[INPUT] [Input] Move: dx=-0.79, dz=0.69&#xD;
[INPUT] [Input] Move: dx=-0.79, dz=0.69&#xD;
[INPUT] [Input] Move: dx=-0.79, dz=0.69&#xD;
[INPUT] [Input] Move: dx=-0.79, dz=0.69&#xD;
[INPUT] [Input] Move: dx=-0.79, dz=0.69&#xD;
[INPUT] [Input] Move: dx=0.00, dz=0.00&#xD;
[INPUT] [Input] Skill1 pressed&#xD;
[INPUT] [Input] Skill1 pressed&#xD;
[INPUT] [Input] Skill2 pressed&#xD;
[INPUT] [Input] Skill2 pressed&#xD;
[INPUT] [Input] Skill3 pressed&#xD;
[INPUT] [Input] Skill3 pressed&#xD;
[SYS] [AutoTest] Auto test stopped&#xD;
[SYS] [TEST] Testing Initialization...&#xD;
[SYS] [TEST] Initialization: PASS&#xD;
[SYS] [TEST] Testing Phase Transition...&#xD;
[SYS] Transitioning to: InMatch&#xD;
[PHASE] [PhaseHost] Exiting phase: InMatch&#xD;
[PHASE] [InMatch] Exiting to InMatch&#xD;
[SYS] [HUD] Detached&#xD;
[VIEW] [View] Detached&#xD;
[ENTITY] [BattleEntityFeature] ECS World destroyed&#xD;
[PHASE] [PhaseHost] Entering phase: InMatch&#xD;
[PHASE] [InMatch] Entered InMatch phase&#xD;
[ENTITY] [BattleEntityFeature] ECS World created, EntityFactory and EntityQuery injected&#xD;
[VIEW] Game started with 10 players&#xD;
[VIEW] [View] Attached&#xD;
[SYNC] [Sync] Attached - SyncMode: Lockstep&#xD;
[INPUT] [Input] Attached - PlayerId: 52359&#xD;
[SYS] [HUD] Attached&#xD;
[DEBUG] Phase entered: InMatch&#xD;
[BATTLE] Battle started!&#xD;
[SYS] ECS World Status:&#xD;
[SYS]   Alive entities: 1&#xD;
[SYS]   Phase: InMatch&#xD;
[SYS]   Frame: 591&#xD;
[SYS] [TEST] Phase Transition: PASS&#xD;
[SYS] ========================================&#xD;
[SYS] Auto test completed: 48 steps, 583 ticks&#xD;
[SYS] ========================================&#xD;
[SYS] ========================================&#xD;
[SYS]    AUTO TEST COMPLETED&#xD;
[SYS] ========================================&#xD;
[SYS] Total Time: 231ms&#xD;
[SYS] Init: PASS&#xD;
[SYS] Phase: PASS&#xD;
[SYS] Result: 3/3 tests passed&#xD;
[SYS] ========================================&#xD;
[VIEW] [View] Detached&#xD;
[ENTITY] [BattleEntityFeature] ECS World destroyed&#xD;
[INPUT] [InputHandler] Stopping...&#xD;
[VIEW] [ViewTimeline] Disposed&#xD;
[SYNC] [FrameSync] Disposed&#xD;
[PROJ] [Projectile] Cleared 0 projectiles&#xD;
[VIEW] [VfxManager] Disposed&#xD;
[xUnit.net 00:00:07.58]   Finished:    AbilityKit.Demo.Moba.Tests&#xD;
</StdOut>
    </Output>
  </ResultSummary>
</TestRun>